<?xml version="1.0" encoding="UTF-8"?>
<!-- Generated by org.testng.reporters.JUnitReportReporter -->
<testsuite skipped="0" hostname="LAPTOP-CGDPEO78" name="tasks.DeleteCustomer" tests="1" failures="0" timestamp="26 Feb 2023 14:35:47 GMT" time="36.885" errors="0">
  <testcase name="testDeleteCustomer" time="36.885" classname="tasks.DeleteCustomer"/>
</testsuite> <!-- tasks.DeleteCustomer -->
