<?xml version="1.0" encoding="UTF-8"?>
<!-- Generated by org.testng.reporters.JUnitReportReporter -->
<testsuite skipped="0" hostname="LAPTOP-CGDPEO78" name="users.CreateUser" tests="1" failures="0" timestamp="26 Feb 2023 14:35:47 GMT" time="24.313" errors="0">
  <testcase name="testCreateUser" time="24.313" classname="users.CreateUser"/>
</testsuite> <!-- users.CreateUser -->
